<?xml version="1.0" encoding="UTF-8"?>
<testng-results skipped="0" failed="0" ignored="0" total="1" passed="1">
  <reporter-output>
  </reporter-output>
  <suite name="Default suite" duration-ms="86" started-at="2020-04-16T18:02:14 CDT" finished-at="2020-04-16T18:02:14 CDT">
    <groups>
    </groups>
    <test name="Default test" duration-ms="86" started-at="2020-04-16T18:02:14 CDT" finished-at="2020-04-16T18:02:14 CDT">
      <class name="com.prueba01.Prueba01test">
        <test-method status="PASS" signature="prueba01()[pri:0, instance:com.prueba01.Prueba01test@6321e813]" name="prueba01" duration-ms="15" started-at="2020-04-16T18:02:14 CDT" finished-at="2020-04-16T18:02:14 CDT">
          <reporter-output>
          </reporter-output>
        </test-method> <!-- prueba01 -->
      </class> <!-- com.prueba01.Prueba01test -->
    </test> <!-- Default test -->
  </suite> <!-- Default suite -->
</testng-results>
