<?xml version="1.0" encoding="UTF-8"?>
<testng-results skipped="0" failed="0" ignored="0" total="1" passed="1">
  <reporter-output>
  </reporter-output>
  <suite name="com.prueba01.Prueba01_Test" duration-ms="96" started-at="2020-04-16T18:05:05 CDT" finished-at="2020-04-16T18:05:05 CDT">
    <groups>
    </groups>
    <test name="Command line test" duration-ms="96" started-at="2020-04-16T18:05:05 CDT" finished-at="2020-04-16T18:05:05 CDT">
      <class name="com.prueba01.Prueba01_Test">
        <test-method status="PASS" signature="prueba01()[pri:0, instance:com.prueba01.Prueba01_Test@7cd62f43]" name="prueba01" duration-ms="7" started-at="2020-04-16T18:05:05 CDT" finished-at="2020-04-16T18:05:05 CDT">
          <reporter-output>
          </reporter-output>
        </test-method> <!-- prueba01 -->
      </class> <!-- com.prueba01.Prueba01_Test -->
    </test> <!-- Command line test -->
  </suite> <!-- com.prueba01.Prueba01_Test -->
</testng-results>
